Arguments: 
  C:\Program Files\nodejs\node.exe C:\Users\SDS\AppData\Roaming\npm\node_modules\yarn\bin\yarn.js add prop-types

PATH: 
  C:\Program Files (x86)\Common Files\Oracle\Java\javapath;C:\ProgramData\Oracle\Java\javapath;C:\Program Files (x86)\Intel\Intel(R) Management Engine Components\iCLS\;C:\Program Files\Intel\Intel(R) Management Engine Components\iCLS\;C:\Windows\system32;C:\Windows;C:\Windows\System32\Wbem;C:\Windows\System32\WindowsPowerShell\v1.0\;C:\Windows\System32\OpenSSH\;C:\Program Files (x86)\NVIDIA Corporation\PhysX\Common;C:\Program Files\NVIDIA Corporation\NVIDIA NvDLISR;C:\Program Files\Intel\WiFi\bin\;C:\Program Files\Common Files\Intel\WirelessCommon\;C:\Program Files (x86)\Intel\Intel(R) Management Engine Components\DAL;C:\Program Files\Intel\Intel(R) Management Engine Components\DAL;C:\Program Files\PuTTY\;C:\Program Files\TortoiseGit\bin;C:\HashiCorp\Vagrant\bin;C:\Program Files\Java\jdk1.8.0_91\bin;C:\Program Files\Git\cmd;C:\Users\SDS\AppData\Roaming\nvm;C:\Program Files\nodejs;C:\Program Files\SourceGear\Common\DiffMerge\;C:\Program Files\nodejs\;C:\Users\SDS\AppData\Local\Microsoft\WindowsApps;C:\Program Files\Intel\WiFi\bin\;C:\Program Files\Common Files\Intel\WirelessCommon\;C:\Users\SDS\AppData\Roaming\nvm;C:\Program Files\nodejs;C:\Users\SDS\AppData\Local\Programs\Microsoft VS Code\bin;C:\Users\SDS\AppData\Roaming\npm

Yarn version: 
  1.17.3

Node version: 
  10.16.0

Platform: 
  win32 x64

Trace: 
  Error: unable to verify the first certificate
      at TLSSocket.onConnectSecure (_tls_wrap.js:1055:34)
      at TLSSocket.emit (events.js:198:13)
      at TLSSocket._finishInit (_tls_wrap.js:633:8)

npm manifest: 
  {
    "name": "react-app",
    "version": "0.1.0",
    "private": true,
    "dependencies": {
      "react": "^16.8.6",
      "react-dom": "^16.8.6",
      "react-scripts": "3.0.1"
    },
    "scripts": {
      "start": "react-scripts start",
      "build": "react-scripts build",
      "test": "react-scripts test",
      "eject": "react-scripts eject"
    },
    "eslintConfig": {
      "extends": "react-app"
    },
    "browserslist": {
      "production": [
        ">0.2%",
        "not dead",
        "not op_mini all"
      ],
      "development": [
        "last 1 chrome version",
        "last 1 firefox version",
        "last 1 safari version"
      ]
    }
  }

yarn manifest: 
  No manifest

Lockfile: 
  No lockfile
